# JRE version: Java(TM) SE Runtime Environment (8.0_91-b14) (build 1.8.0_91-b14)
# Java VM: Java HotSpot(TM) 64-Bit Server VM (25.91-b14 mixed mode windows-amd64 compressed oops)
Heap:
 PSYoungGen      total 169472K, used 150291K [0x00000000d5a00000, 0x00000000e1c00000, 0x0000000100000000)
  eden space 147456K, 89% used [0x00000000d5a00000,0x00000000ddaba3a0,0x00000000dea00000)
  from space 22016K, 83% used [0x00000000e0080000,0x00000000e128a9f0,0x00000000e1600000)
  to   space 23040K, 0% used [0x00000000dea00000,0x00000000dea00000,0x00000000e0080000)
 ParOldGen       total 153600K, used 43895K [0x0000000080e00000, 0x000000008a400000, 0x00000000d5a00000)
  object space 153600K, 28% used [0x0000000080e00000,0x00000000838ddc98,0x000000008a400000)
 Metaspace       used 41961K, capacity 42878K, committed 43136K, reserved 1087488K
  class space    used 5011K, capacity 5382K, committed 5504K, reserved 1048576K
GC Heap History (10 events):
Event: 7.763 GC heap before
{Heap before GC invocations=6 (full 1):
 PSYoungGen      total 88064K, used 88032K [0x00000000d5a00000, 0x00000000de600000, 0x0000000100000000)
  eden space 82944K, 100% used [0x00000000d5a00000,0x00000000dab00000,0x00000000dab00000)
  from space 5120K, 99% used [0x00000000de100000,0x00000000de5f8020,0x00000000de600000)
  to   space 5120K, 0% used [0x00000000ddc00000,0x00000000ddc00000,0x00000000de100000)
 ParOldGen       total 87552K, used 27614K [0x0000000080e00000, 0x0000000086380000, 0x00000000d5a00000)
  object space 87552K, 31% used [0x0000000080e00000,0x00000000828f7b98,0x0000000086380000)
 Metaspace       used 25241K, capacity 25898K, committed 25984K, reserved 1073152K
  class space    used 2956K, capacity 3177K, committed 3200K, reserved 1048576K
Event: 7.771 GC heap after
Heap after GC invocations=6 (full 1):
 PSYoungGen      total 111616K, used 5088K [0x00000000d5a00000, 0x00000000de900000, 0x0000000100000000)
  eden space 106496K, 0% used [0x00000000d5a00000,0x00000000d5a00000,0x00000000dc200000)
  from space 5120K, 99% used [0x00000000ddc00000,0x00000000de0f8030,0x00000000de100000)
  to   space 8192K, 0% used [0x00000000de100000,0x00000000de100000,0x00000000de900000)
 ParOldGen       total 87552K, used 40103K [0x0000000080e00000, 0x0000000086380000, 0x00000000d5a00000)
  object space 87552K, 45% used [0x0000000080e00000,0x0000000083529f28,0x0000000086380000)
 Metaspace       used 25241K, capacity 25898K, committed 25984K, reserved 1073152K
  class space    used 2956K, capacity 3177K, committed 3200K, reserved 1048576K
}
Event: 8.098 GC heap before
{Heap before GC invocations=7 (full 1):
 PSYoungGen      total 111616K, used 111584K [0x00000000d5a00000, 0x00000000de900000, 0x0000000100000000)
  eden space 106496K, 100% used [0x00000000d5a00000,0x00000000dc200000,0x00000000dc200000)
  from space 5120K, 99% used [0x00000000ddc00000,0x00000000de0f8030,0x00000000de100000)
  to   space 8192K, 0% used [0x00000000de100000,0x00000000de100000,0x00000000de900000)
 ParOldGen       total 87552K, used 40103K [0x0000000080e00000, 0x0000000086380000, 0x00000000d5a00000)
  object space 87552K, 45% used [0x0000000080e00000,0x0000000083529f28,0x0000000086380000)
 Metaspace       used 25788K, capacity 26428K, committed 26624K, reserved 1073152K
  class space    used 3033K, capacity 3247K, committed 3328K, reserved 1048576K
Event: 8.114 GC heap after
Heap after GC invocations=7 (full 1):
 PSYoungGen      total 123392K, used 8169K [0x00000000d5a00000, 0x00000000e1180000, 0x0000000100000000)
  eden space 115200K, 0% used [0x00000000d5a00000,0x00000000d5a00000,0x00000000dca80000)
  from space 8192K, 99% used [0x00000000de100000,0x00000000de8fa790,0x00000000de900000)
  to   space 23040K, 0% used [0x00000000dca80000,0x00000000dca80000,0x00000000de100000)
 ParOldGen       total 87552K, used 52162K [0x0000000080e00000, 0x0000000086380000, 0x00000000d5a00000)
  object space 87552K, 59% used [0x0000000080e00000,0x00000000840f0ab0,0x0000000086380000)
 Metaspace       used 25788K, capacity 26428K, committed 26624K, reserved 1073152K
  class space    used 3033K, capacity 3247K, committed 3328K, reserved 1048576K
}
Event: 10.563 GC heap before
{Heap before GC invocations=8 (full 1):
 PSYoungGen      total 123392K, used 107186K [0x00000000d5a00000, 0x00000000e1180000, 0x0000000100000000)
  eden space 115200K, 85% used [0x00000000d5a00000,0x00000000dbab20d8,0x00000000dca80000)
  from space 8192K, 99% used [0x00000000de100000,0x00000000de8fa790,0x00000000de900000)
  to   space 23040K, 0% used [0x00000000dca80000,0x00000000dca80000,0x00000000de100000)
 ParOldGen       total 87552K, used 52162K [0x0000000080e00000, 0x0000000086380000, 0x00000000d5a00000)
  object space 87552K, 59% used [0x0000000080e00000,0x00000000840f0ab0,0x0000000086380000)
 Metaspace       used 34495K, capacity 35218K, committed 35456K, reserved 1081344K
  class space    used 4138K, capacity 4372K, committed 4480K, reserved 1048576K
Event: 10.582 GC heap after
Heap after GC invocations=8 (full 1):
 PSYoungGen      total 138240K, used 14612K [0x00000000d5a00000, 0x00000000e1600000, 0x0000000100000000)
  eden space 115200K, 0% used [0x00000000d5a00000,0x00000000d5a00000,0x00000000dca80000)
  from space 23040K, 63% used [0x00000000dca80000,0x00000000dd8c53a8,0x00000000de100000)
  to   space 22016K, 0% used [0x00000000e0080000,0x00000000e0080000,0x00000000e1600000)
 ParOldGen       total 87552K, used 52170K [0x0000000080e00000, 0x0000000086380000, 0x00000000d5a00000)
  object space 87552K, 59% used [0x0000000080e00000,0x00000000840f2ab0,0x0000000086380000)
 Metaspace       used 34495K, capacity 35218K, committed 35456K, reserved 1081344K
  class space    used 4138K, capacity 4372K, committed 4480K, reserved 1048576K
}
Event: 10.582 GC heap before
{Heap before GC invocations=9 (full 2):
 PSYoungGen      total 138240K, used 14612K [0x00000000d5a00000, 0x00000000e1600000, 0x0000000100000000)
  eden space 115200K, 0% used [0x00000000d5a00000,0x00000000d5a00000,0x00000000dca80000)
  from space 23040K, 63% used [0x00000000dca80000,0x00000000dd8c53a8,0x00000000de100000)
  to   space 22016K, 0% used [0x00000000e0080000,0x00000000e0080000,0x00000000e1600000)
 ParOldGen       total 87552K, used 52170K [0x0000000080e00000, 0x0000000086380000, 0x00000000d5a00000)
  object space 87552K, 59% used [0x0000000080e00000,0x00000000840f2ab0,0x0000000086380000)
 Metaspace       used 34495K, capacity 35218K, committed 35456K, reserved 1081344K
  class space    used 4138K, capacity 4372K, committed 4480K, reserved 1048576K
Event: 10.722 GC heap after
Heap after GC invocations=9 (full 2):
 PSYoungGen      total 138240K, used 0K [0x00000000d5a00000, 0x00000000e1600000, 0x0000000100000000)
  eden space 115200K, 0% used [0x00000000d5a00000,0x00000000d5a00000,0x00000000dca80000)
  from space 23040K, 0% used [0x00000000dca80000,0x00000000dca80000,0x00000000de100000)
  to   space 22016K, 0% used [0x00000000e0080000,0x00000000e0080000,0x00000000e1600000)
 ParOldGen       total 153600K, used 43887K [0x0000000080e00000, 0x000000008a400000, 0x00000000d5a00000)
  object space 153600K, 28% used [0x0000000080e00000,0x00000000838dbc98,0x000000008a400000)
 Metaspace       used 34495K, capacity 35218K, committed 35456K, reserved 1081344K
  class space    used 4138K, capacity 4372K, committed 4480K, reserved 1048576K
}
Event: 141.113 GC heap before
{Heap before GC invocations=10 (full 2):
 PSYoungGen      total 138240K, used 115200K [0x00000000d5a00000, 0x00000000e1600000, 0x0000000100000000)
  eden space 115200K, 100% used [0x00000000d5a00000,0x00000000dca80000,0x00000000dca80000)
  from space 23040K, 0% used [0x00000000dca80000,0x00000000dca80000,0x00000000de100000)
  to   space 22016K, 0% used [0x00000000e0080000,0x00000000e0080000,0x00000000e1600000)
 ParOldGen       total 153600K, used 43887K [0x0000000080e00000, 0x000000008a400000, 0x00000000d5a00000)
  object space 153600K, 28% used [0x0000000080e00000,0x00000000838dbc98,0x000000008a400000)
 Metaspace       used 41956K, capacity 42874K, committed 43136K, reserved 1087488K
  class space    used 5011K, capacity 5382K, committed 5504K, reserved 1048576K
Event: 141.131 GC heap after
Heap after GC invocations=10 (full 2):
 PSYoungGen      total 169472K, used 18474K [0x00000000d5a00000, 0x00000000e1c00000, 0x0000000100000000)
  eden space 147456K, 0% used [0x00000000d5a00000,0x00000000d5a00000,0x00000000dea00000)
  from space 22016K, 83% used [0x00000000e0080000,0x00000000e128a9f0,0x00000000e1600000)
  to   space 23040K, 0% used [0x00000000dea00000,0x00000000dea00000,0x00000000e0080000)
 ParOldGen       total 153600K, used 43895K [0x0000000080e00000, 0x000000008a400000, 0x00000000d5a00000)
  object space 153600K, 28% used [0x0000000080e00000,0x00000000838ddc98,0x000000008a400000)
 Metaspace       used 41956K, capacity 42874K, committed 43136K, reserved 1087488K
  class space    used 5011K, capacity 5382K, committed 5504K, reserved 1048576K
}

